<?xml version="1.0" encoding="UTF-8"?>
<!-- Generated by org.testng.reporters.JUnitReportReporter -->
<testsuite skipped="0" hostname="LT-TOMER" name="tests.CreateSenderTest" tests="1" failures="0" timestamp="2022-01-27T13:16:59 IST" time="38.909" errors="0">
  <testcase name="createsendertest" time="38.909" classname="tests.CreateSenderTest"/>
  <system-out/>
</testsuite> <!-- tests.CreateSenderTest -->
