<?xml version="1.0" encoding="UTF-8"?>
<!-- Generated by org.testng.reporters.JUnitReportReporter -->
<testsuite skipped="0" hostname="LT-TOMER" name="tests.CreateBusinessTest" tests="1" failures="0" timestamp="2022-01-27T13:16:59 IST" time="61.192" errors="0">
  <testcase name="createbusinesstest" time="61.192" classname="tests.CreateBusinessTest"/>
  <system-out/>
</testsuite> <!-- tests.CreateBusinessTest -->
