<?xml version="1.0" encoding="UTF-8"?>
<!-- Generated by org.testng.reporters.JUnitReportReporter -->
<testsuite skipped="0" hostname="LT-TOMER" name="tests.CreateExpressTest" tests="1" failures="0" timestamp="2022-01-27T13:16:59 IST" time="60.558" errors="0">
  <testcase name="createexpresstest" time="60.558" classname="tests.CreateExpressTest"/>
  <system-out/>
</testsuite> <!-- tests.CreateExpressTest -->
