<?xml version="1.0" encoding="UTF-8"?>
<!-- Generated by org.testng.reporters.JUnitReportReporter -->
<testsuite skipped="0" hostname="LT-TOMER" name="tests.LoginTest" tests="1" failures="0" timestamp="2022-01-27T13:16:59 IST" time="15.034" errors="0">
  <testcase name="loginTest" time="15.034" classname="tests.LoginTest"/>
  <system-out/>
</testsuite> <!-- tests.LoginTest -->
