<?xml version="1.0" encoding="UTF-8"?>
<!-- Generated by org.testng.reporters.JUnitReportReporter -->
<testsuite skipped="0" hostname="LT-TOMER" name="tests.CreateSDDTest" tests="1" failures="0" timestamp="2022-01-27T13:16:59 IST" time="56.560" errors="0">
  <testcase name="createsddtest" time="56.560" classname="tests.CreateSDDTest"/>
  <system-out/>
</testsuite> <!-- tests.CreateSDDTest -->
